c:\proyectos\unaride\unaride\x64\debug\vc143.pdb
c:\proyectos\unaride\unaride\x64\debug\vc143.idb
c:\proyectos\unaride\unaride\x64\debug\uimanager.obj
c:\proyectos\unaride\unaride\x64\debug\street.obj
c:\proyectos\unaride\unaride\x64\debug\routemanager.obj
c:\proyectos\unaride\unaride\x64\debug\main.obj
c:\proyectos\unaride\unaride\x64\debug\node.obj
c:\proyectos\unaride\unaride\x64\debug\map.obj
c:\proyectos\unaride\unaride\x64\debug\carcontroller.obj
c:\users\raquel\desktop\semestre 2 2024\estructuras de datos\proyecto#2\unaride\x64\debug\unaride.exe
c:\users\raquel\desktop\semestre 2 2024\estructuras de datos\proyecto#2\unaride\x64\debug\unaride.pdb
c:\users\raquel\desktop\semestre 2 2024\estructuras de datos\proyecto#2\unaride\unaride\x64\debug\unaride.ilk
c:\proyectos\unaride\unaride\x64\debug\unaride.ilk
c:\proyectos\unaride\x64\debug\unaride.pdb
c:\proyectos\unaride\x64\debug\unaride.exe
c:\proyectos\unaride\unaride\x64\debug\unaride.tlog\cl.command.1.tlog
c:\proyectos\unaride\unaride\x64\debug\unaride.tlog\cl.items.tlog
c:\proyectos\unaride\unaride\x64\debug\unaride.tlog\cl.read.1.tlog
c:\proyectos\unaride\unaride\x64\debug\unaride.tlog\cl.write.1.tlog
c:\proyectos\unaride\unaride\x64\debug\unaride.tlog\link-cvtres.read.1.tlog
c:\proyectos\unaride\unaride\x64\debug\unaride.tlog\link-cvtres.write.1.tlog
c:\proyectos\unaride\unaride\x64\debug\unaride.tlog\link-rc.read.1.tlog
c:\proyectos\unaride\unaride\x64\debug\unaride.tlog\link-rc.write.1.tlog
c:\proyectos\unaride\unaride\x64\debug\unaride.tlog\link.command.1.tlog
c:\proyectos\unaride\unaride\x64\debug\unaride.tlog\link.read.1.tlog
c:\proyectos\unaride\unaride\x64\debug\unaride.tlog\link.secondary.1.tlog
c:\proyectos\unaride\unaride\x64\debug\unaride.tlog\link.write.1.tlog
