  CarController.cpp
  Map.cpp
C:\Proyectos\UNARide\UNARide\Map.cpp(97,69): warning C4267: '=': conversión de 'size_t' a '_Ty'; posible pérdida de datos
C:\Proyectos\UNARide\UNARide\Map.cpp(97,69): warning C4267:         with
C:\Proyectos\UNARide\UNARide\Map.cpp(97,69): warning C4267:         [
C:\Proyectos\UNARide\UNARide\Map.cpp(97,69): warning C4267:             _Ty=int
C:\Proyectos\UNARide\UNARide\Map.cpp(97,69): warning C4267:         ]
C:\Proyectos\UNARide\UNARide\Map.cpp(101,73): warning C4267: '=': conversión de 'size_t' a '_Ty'; posible pérdida de datos
C:\Proyectos\UNARide\UNARide\Map.cpp(101,73): warning C4267:         with
C:\Proyectos\UNARide\UNARide\Map.cpp(101,73): warning C4267:         [
C:\Proyectos\UNARide\UNARide\Map.cpp(101,73): warning C4267:             _Ty=int
C:\Proyectos\UNARide\UNARide\Map.cpp(101,73): warning C4267:         ]
C:\Proyectos\UNARide\UNARide\Map.cpp(107,22): warning C4267: '=': conversión de 'size_t' a '_Ty'; posible pérdida de datos
C:\Proyectos\UNARide\UNARide\Map.cpp(107,22): warning C4267:         with
C:\Proyectos\UNARide\UNARide\Map.cpp(107,22): warning C4267:         [
C:\Proyectos\UNARide\UNARide\Map.cpp(107,22): warning C4267:             _Ty=int
C:\Proyectos\UNARide\UNARide\Map.cpp(107,22): warning C4267:         ]
  Node.cpp
  Main.cpp
  RouteManager.cpp
  Street.cpp
  UIManager.cpp
  Generando código...
  UNARide.vcxproj -> C:\Proyectos\UNARide\x64\Debug\UNARide.exe
